<?xml version="1.0" encoding="UTF-8"?>
<testsuite name="aws.urlshortener.controller.RedirectTest" tests="5" skipped="0" failures="0" errors="0" timestamp="2019-06-27T06:56:05" hostname="sunway" time="0.02">
  <properties/>
  <testcase name="shortUrlTooLong" classname="aws.urlshortener.controller.RedirectTest" time="0.003"/>
  <testcase name="findAll" classname="aws.urlshortener.controller.RedirectTest" time="0.004"/>
  <testcase name="shortUrlTooBlank" classname="aws.urlshortener.controller.RedirectTest" time="0.003"/>
  <testcase name="shortUrlTooShort" classname="aws.urlshortener.controller.RedirectTest" time="0.003"/>
  <testcase name="notFound" classname="aws.urlshortener.controller.RedirectTest" time="0.003"/>
  <system-out><![CDATA[2019-06-27 14:56:05.452  INFO 25598 --- [    Test worker] .b.t.c.SpringBootTestContextBootstrapper : Neither @ContextConfiguration nor @ContextHierarchy found for test class [aws.urlshortener.controller.RedirectTest], using SpringBootContextLoader
2019-06-27 14:56:05.453  INFO 25598 --- [    Test worker] o.s.t.c.support.AbstractContextLoader    : Could not detect default resource locations for test class [aws.urlshortener.controller.RedirectTest]: no resource found for suffixes {-context.xml, Context.groovy}.
2019-06-27 14:56:05.453  INFO 25598 --- [    Test worker] t.c.s.AnnotationConfigContextLoaderUtils : Could not detect default configuration classes for test class [aws.urlshortener.controller.RedirectTest]: RedirectTest does not declare any static, non-private, non-final, nested classes annotated with @Configuration.
2019-06-27 14:56:05.454  INFO 25598 --- [    Test worker] .b.t.c.SpringBootTestContextBootstrapper : Found @SpringBootConfiguration aws.urlshortener.UrlShortenerApplication for test class aws.urlshortener.controller.RedirectTest
2019-06-27 14:56:05.456  INFO 25598 --- [    Test worker] .b.t.c.SpringBootTestContextBootstrapper : Loaded default TestExecutionListener class names from location [META-INF/spring.factories]: [org.springframework.boot.test.autoconfigure.restdocs.RestDocsTestExecutionListener, org.springframework.boot.test.autoconfigure.web.client.MockRestServiceServerResetTestExecutionListener, org.springframework.boot.test.autoconfigure.web.servlet.MockMvcPrintOnlyOnFailureTestExecutionListener, org.springframework.boot.test.autoconfigure.web.servlet.WebDriverTestExecutionListener, org.springframework.boot.test.mock.mockito.MockitoTestExecutionListener, org.springframework.boot.test.mock.mockito.ResetMocksTestExecutionListener, org.springframework.test.context.web.ServletTestExecutionListener, org.springframework.test.context.support.DirtiesContextBeforeModesTestExecutionListener, org.springframework.test.context.support.DependencyInjectionTestExecutionListener, org.springframework.test.context.support.DirtiesContextTestExecutionListener, org.springframework.test.context.transaction.TransactionalTestExecutionListener, org.springframework.test.context.jdbc.SqlScriptsTestExecutionListener]
2019-06-27 14:56:05.457  INFO 25598 --- [    Test worker] .b.t.c.SpringBootTestContextBootstrapper : Using TestExecutionListeners: [org.springframework.test.context.web.ServletTestExecutionListener@38f3b5f8, org.springframework.test.context.support.DirtiesContextBeforeModesTestExecutionListener@6850be3d, org.springframework.boot.test.mock.mockito.MockitoTestExecutionListener@7025c580, org.springframework.boot.test.autoconfigure.SpringBootDependencyInjectionTestExecutionListener@331bd8d9, org.springframework.test.context.support.DirtiesContextTestExecutionListener@1662f737, org.springframework.boot.test.autoconfigure.restdocs.RestDocsTestExecutionListener@7bae0290, org.springframework.boot.test.autoconfigure.web.client.MockRestServiceServerResetTestExecutionListener@25f9c1a0, org.springframework.boot.test.autoconfigure.web.servlet.MockMvcPrintOnlyOnFailureTestExecutionListener@48c908d6, org.springframework.boot.test.autoconfigure.web.servlet.WebDriverTestExecutionListener@491385b7, org.springframework.boot.test.mock.mockito.ResetMocksTestExecutionListener@42a2a487]
]]></system-out>
  <system-err><![CDATA[]]></system-err>
</testsuite>
